<?xml version="1.0" encoding="UTF-8"?>
<testsuite xmlns:xsi="http://www.w3.org/2001/XMLSchema-instance" xsi:noNamespaceSchemaLocation="https://maven.apache.org/surefire/maven-surefire-plugin/xsd/surefire-test-report-3.0.xsd" version="3.0" name="automacaoE2E.Testes.VendaTest" time="54.914" tests="9" errors="4" skipped="0" failures="0">
  <properties>
[...]
</properties>
  <testcase name="VendaSucesso" classname="automacaoE2E.Testes.VendaTest" time="5.195"/>
  <testcase name="vendaFracionadaSucessoValor29_40" classname="automacaoE2E.Testes.VendaTest" time="4.417"/>
  <testcase name="vendaFracionadaSucessoValor33_00" classname="automacaoE2E.Testes.VendaTest" time="6.062"/>
  <testcase name="vendaFracionadaSucessoValor29_41" classname="automacaoE2E.Testes.VendaTest" time="5.657"/>
  <testcase name="vendaFracionadaSucessoValor29_99" classname="automacaoE2E.Testes.VendaTest" time="6.802"/>
  <testcase name="naoDeveVenderValorMenor29_40" classname="automacaoE2E.Testes.VendaTest" time="4.578">
    <error type="org.openqa.selenium.remote.ScreenshotException"><![CDATA[org.openqa.selenium.remote.ScreenshotException: 
unexpected alert open: {Alert text : O preço deve estar entre R$ 29,40 e R$ 33,00}
  (Session info: chrome=135.0.7049.43): O preço deve estar entre R$ 29,40 e R$ 33,00
Build info: version: '4.31.0', revision: '1ef9f18787*'
System info: os.name: 'Windows 10', os.arch: 'amd64', os.version: '10.0', java.version: '21.0.6'
Driver info: org.openqa.selenium.chrome.ChromeDriver
Command: [6e0c5c1922bae9043a240ad1c5eaf835, screenshot {}]
Capabilities {acceptInsecureCerts: false, browserName: chrome, browserVersion: 135.0.7049.43, chrome: {chromedriverVersion: 135.0.7049.114 (63fd8a7d9d0..., userDataDir: C:\Users\Levis\AppData\Loca...}, fedcm:accounts: true, goog:chromeOptions: {debuggerAddress: localhost:51181}, networkConnectionEnabled: false, pageLoadStrategy: normal, platformName: windows, proxy: Proxy(), se:cdp: ws://localhost:51181/devtoo..., se:cdpVersion: 135.0.7049.43, setWindowRect: true, strictFileInteractability: false, timeouts: {implicit: 0, pageLoad: 300000, script: 30000}, unhandledPromptBehavior: dismiss and notify, webauthn:extension:credBlob: true, webauthn:extension:largeBlob: true, webauthn:extension:minPinLength: true, webauthn:extension:prf: true, webauthn:virtualAuthenticators: true}
Session ID: 6e0c5c1922bae9043a240ad1c5eaf835
Build info: version: '4.31.0', revision: '1ef9f18787*'
System info: os.name: 'Windows 10', os.arch: 'amd64', os.version: '10.0', java.version: '21.0.6'
Driver info: driver.version: unknown
	at automacaoE2E.Testes.VendaTest.naoDeveVenderValorMenor29_40(VendaTest.java:94)
]]></error>
    <system-out><![CDATA[Alerta detectado: O preço deve estar entre R$ 29,40 e R$ 33,00
]]></system-out>
  </testcase>
  <testcase name="naoDeveVenderValorMaior33_00" classname="automacaoE2E.Testes.VendaTest" time="7.041">
    <error type="org.openqa.selenium.remote.ScreenshotException"><![CDATA[org.openqa.selenium.remote.ScreenshotException: 
unexpected alert open: {Alert text : O preço deve estar entre R$ 29,40 e R$ 33,00}
  (Session info: chrome=135.0.7049.43): O preço deve estar entre R$ 29,40 e R$ 33,00
Build info: version: '4.31.0', revision: '1ef9f18787*'
System info: os.name: 'Windows 10', os.arch: 'amd64', os.version: '10.0', java.version: '21.0.6'
Driver info: org.openqa.selenium.chrome.ChromeDriver
Command: [dfba23175665fd252e5abb59413691a1, screenshot {}]
Capabilities {acceptInsecureCerts: false, browserName: chrome, browserVersion: 135.0.7049.43, chrome: {chromedriverVersion: 135.0.7049.114 (63fd8a7d9d0..., userDataDir: C:\Users\Levis\AppData\Loca...}, fedcm:accounts: true, goog:chromeOptions: {debuggerAddress: localhost:51200}, networkConnectionEnabled: false, pageLoadStrategy: normal, platformName: windows, proxy: Proxy(), se:cdp: ws://localhost:51200/devtoo..., se:cdpVersion: 135.0.7049.43, setWindowRect: true, strictFileInteractability: false, timeouts: {implicit: 0, pageLoad: 300000, script: 30000}, unhandledPromptBehavior: dismiss and notify, webauthn:extension:credBlob: true, webauthn:extension:largeBlob: true, webauthn:extension:minPinLength: true, webauthn:extension:prf: true, webauthn:virtualAuthenticators: true}
Session ID: dfba23175665fd252e5abb59413691a1
Build info: version: '4.31.0', revision: '1ef9f18787*'
System info: os.name: 'Windows 10', os.arch: 'amd64', os.version: '10.0', java.version: '21.0.6'
Driver info: driver.version: unknown
	at automacaoE2E.Testes.VendaTest.naoDeveVenderValorMaior33_00(VendaTest.java:106)
]]></error>
    <system-out><![CDATA[Alerta detectado: O preço deve estar entre R$ 29,40 e R$ 33,00
]]></system-out>
  </testcase>
  <testcase name="naoDeveVenderQtd0" classname="automacaoE2E.Testes.VendaTest" time="7.647">
    <error type="org.openqa.selenium.remote.ScreenshotException"><![CDATA[org.openqa.selenium.remote.ScreenshotException: 
unexpected alert open: {Alert text : Preencha os campos corretamente.}
  (Session info: chrome=135.0.7049.43): Preencha os campos corretamente.
Build info: version: '4.31.0', revision: '1ef9f18787*'
System info: os.name: 'Windows 10', os.arch: 'amd64', os.version: '10.0', java.version: '21.0.6'
Driver info: org.openqa.selenium.chrome.ChromeDriver
Command: [f187766ee17757e93fdd36429ea67ef2, screenshot {}]
Capabilities {acceptInsecureCerts: false, browserName: chrome, browserVersion: 135.0.7049.43, chrome: {chromedriverVersion: 135.0.7049.114 (63fd8a7d9d0..., userDataDir: C:\Users\Levis\AppData\Loca...}, fedcm:accounts: true, goog:chromeOptions: {debuggerAddress: localhost:51220}, networkConnectionEnabled: false, pageLoadStrategy: normal, platformName: windows, proxy: Proxy(), se:cdp: ws://localhost:51220/devtoo..., se:cdpVersion: 135.0.7049.43, setWindowRect: true, strictFileInteractability: false, timeouts: {implicit: 0, pageLoad: 300000, script: 30000}, unhandledPromptBehavior: dismiss and notify, webauthn:extension:credBlob: true, webauthn:extension:largeBlob: true, webauthn:extension:minPinLength: true, webauthn:extension:prf: true, webauthn:virtualAuthenticators: true}
Session ID: f187766ee17757e93fdd36429ea67ef2
Build info: version: '4.31.0', revision: '1ef9f18787*'
System info: os.name: 'Windows 10', os.arch: 'amd64', os.version: '10.0', java.version: '21.0.6'
Driver info: driver.version: unknown
	at automacaoE2E.Testes.VendaTest.naoDeveVenderQtd0(VendaTest.java:120)
]]></error>
    <system-out><![CDATA[Alerta detectado: Preencha os campos corretamente.
]]></system-out>
  </testcase>
  <testcase name="naoDeveVenderQtdMaiorCarteira" classname="automacaoE2E.Testes.VendaTest" time="7.51">
    <error type="org.openqa.selenium.remote.ScreenshotException"><![CDATA[org.openqa.selenium.remote.ScreenshotException: 
unexpected alert open: {Alert text : Quantidade insuficiente na carteira.}
  (Session info: chrome=135.0.7049.43): Quantidade insuficiente na carteira.
Build info: version: '4.31.0', revision: '1ef9f18787*'
System info: os.name: 'Windows 10', os.arch: 'amd64', os.version: '10.0', java.version: '21.0.6'
Driver info: org.openqa.selenium.chrome.ChromeDriver
Command: [a08cd482850762f849b410904110617a, screenshot {}]
Capabilities {acceptInsecureCerts: false, browserName: chrome, browserVersion: 135.0.7049.43, chrome: {chromedriverVersion: 135.0.7049.114 (63fd8a7d9d0..., userDataDir: C:\Users\Levis\AppData\Loca...}, fedcm:accounts: true, goog:chromeOptions: {debuggerAddress: localhost:51239}, networkConnectionEnabled: false, pageLoadStrategy: normal, platformName: windows, proxy: Proxy(), se:cdp: ws://localhost:51239/devtoo..., se:cdpVersion: 135.0.7049.43, setWindowRect: true, strictFileInteractability: false, timeouts: {implicit: 0, pageLoad: 300000, script: 30000}, unhandledPromptBehavior: dismiss and notify, webauthn:extension:credBlob: true, webauthn:extension:largeBlob: true, webauthn:extension:minPinLength: true, webauthn:extension:prf: true, webauthn:virtualAuthenticators: true}
Session ID: a08cd482850762f849b410904110617a
Build info: version: '4.31.0', revision: '1ef9f18787*'
System info: os.name: 'Windows 10', os.arch: 'amd64', os.version: '10.0', java.version: '21.0.6'
Driver info: driver.version: unknown
	at automacaoE2E.Testes.VendaTest.naoDeveVenderQtdMaiorCarteira(VendaTest.java:133)
]]></error>
    <system-out><![CDATA[Alerta detectado: Quantidade insuficiente na carteira.
]]></system-out>
  </testcase>
</testsuite>